<?xml version="1.0" encoding="UTF-8"?>
<testng-results ignored="0" total="2" passed="1" failed="1" skipped="0">
  <reporter-output>
    <line>
      <![CDATA[Passed TSL_Google]]>
    </line>
  </reporter-output>
  <suite started-at="2024-12-10T22:08:01 IST" name="swagLabs" finished-at="2024-12-10T22:08:01 IST" duration-ms="19">
    <groups>
    </groups>
    <test started-at="2024-12-10T22:08:01 IST" name="TC_001" finished-at="2024-12-10T22:08:01 IST" duration-ms="19">
      <class name="org.automation.swagLabs.TC_001">
        <test-method is-config="true" signature="checkSuiteToRun()[pri:0, instance:org.automation.swagLabs.TC_001@20d525]" started-at="2024-12-10T22:08:01 IST" name="checkSuiteToRun" finished-at="2024-12-10T22:08:01 IST" duration-ms="50" status="SKIP">
          <exception class="org.testng.SkipException">
            <message>
              <![CDATA[swagLabs's SuiteToRun is 'N' or Blank. Hence skipping the execution of swagLabs]]>
            </message>
            <full-stacktrace>
              <![CDATA[org.testng.SkipException: swagLabs's SuiteToRun is 'N' or Blank. Hence skipping the execution of swagLabs
at org.automation.swagLabs.SwagLabsBase.checkSuiteToRun(SwagLabsBase.java:42)
at java.base/jdk.internal.reflect.DirectMethodHandleAccessor.invoke(DirectMethodHandleAccessor.java:103)
at java.base/java.lang.reflect.Method.invoke(Method.java:580)
at org.testng.internal.invokers.MethodInvocationHelper.invokeMethod(MethodInvocationHelper.java:139)
at org.testng.internal.invokers.MethodInvocationHelper.invokeMethodConsideringTimeout(MethodInvocationHelper.java:69)
at org.testng.internal.invokers.ConfigInvoker.invokeConfigurationMethod(ConfigInvoker.java:390)
at org.testng.internal.invokers.ConfigInvoker.invokeConfigurations(ConfigInvoker.java:325)
at org.testng.SuiteRunner.privateRun(SuiteRunner.java:382)
at org.testng.SuiteRunner.run(SuiteRunner.java:336)
at org.testng.SuiteRunnerWorker.runSuite(SuiteRunnerWorker.java:52)
at org.testng.SuiteRunnerWorker.run(SuiteRunnerWorker.java:95)
at org.testng.TestNG.runSuitesSequentially(TestNG.java:1280)
at org.testng.TestNG.runSuitesSequentially(TestNG.java:1275)
at org.testng.TestNG.runSuitesLocally(TestNG.java:1200)
at org.testng.TestNG.runSuites(TestNG.java:1114)
at org.testng.TestNG.run(TestNG.java:1082)
at org.apache.maven.surefire.testng.TestNGExecutor.run(TestNGExecutor.java:178)
at org.apache.maven.surefire.testng.TestNGXmlTestSuite.execute(TestNGXmlTestSuite.java:92)
at org.apache.maven.surefire.testng.TestNGProvider.invoke(TestNGProvider.java:96)
at java.base/jdk.internal.reflect.DirectMethodHandleAccessor.invoke(DirectMethodHandleAccessor.java:103)
at java.base/java.lang.reflect.Method.invoke(Method.java:580)
at org.apache.maven.surefire.util.ReflectionUtils.invokeMethodWithArray2(ReflectionUtils.java:208)
at org.apache.maven.surefire.booter.ProviderFactory$ProviderProxy.invoke(ProviderFactory.java:159)
at org.apache.maven.surefire.booter.ProviderFactory.invokeProvider(ProviderFactory.java:87)
at org.apache.maven.surefire.booter.ForkedBooter.runSuitesInProcess(ForkedBooter.java:153)
at org.apache.maven.surefire.booter.ForkedBooter.main(ForkedBooter.java:95)
]]>
            </full-stacktrace>
          </exception> <!-- org.testng.SkipException -->
          <reporter-output>
          </reporter-output>
        </test-method> <!-- checkSuiteToRun -->
        <test-method is-config="true" signature="checkCaseToRun()[pri:0, instance:org.automation.swagLabs.TC_001@20d525]" started-at="2024-12-10T22:08:01 IST" name="checkCaseToRun" finished-at="2024-12-10T22:08:01 IST" duration-ms="0" status="SKIP">
          <reporter-output>
          </reporter-output>
        </test-method> <!-- checkCaseToRun -->
        <test-method signature="TC_001Test(java.lang.String,java.lang.String,java.lang.String)[pri:0, instance:org.automation.swagLabs.TC_001@20d525]" started-at="2024-12-10T22:08:01 IST" name="TC_001Test" data-provider="TC_001Data" finished-at="2024-12-10T22:08:01 IST" duration-ms="0" status="FAIL">
          <exception class="java.lang.RuntimeException">
            <message>
              <![CDATA[java.lang.NullPointerException: Cannot invoke "org.automation.utility.Read_XLS.retrieveTestData(String)" because "xls" is null]]>
            </message>
            <full-stacktrace>
              <![CDATA[java.lang.RuntimeException: java.lang.NullPointerException: Cannot invoke "org.automation.utility.Read_XLS.retrieveTestData(String)" because "xls" is null
at org.testng.internal.invokers.MethodInvocationHelper.invokeMethodNoCheckedException(MethodInvocationHelper.java:57)
at org.testng.internal.invokers.MethodInvocationHelper.invokeDataProvider(MethodInvocationHelper.java:157)
at org.testng.internal.Parameters.handleParameters(Parameters.java:803)
at org.testng.internal.Parameters.handleParameters(Parameters.java:728)
at org.testng.internal.invokers.ParameterHandler.handleParameters(ParameterHandler.java:72)
at org.testng.internal.invokers.ParameterHandler.createParameters(ParameterHandler.java:51)
at org.testng.internal.invokers.TestInvoker$MethodInvocationAgent.invoke(TestInvoker.java:911)
at org.testng.internal.invokers.TestInvoker.invokeTestMethods(TestInvoker.java:200)
at org.testng.internal.invokers.TestMethodWorker.invokeTestMethods(TestMethodWorker.java:148)
at org.testng.internal.invokers.TestMethodWorker.run(TestMethodWorker.java:128)
at java.base/java.util.ArrayList.forEach(ArrayList.java:1597)
at org.testng.TestRunner.privateRun(TestRunner.java:848)
at org.testng.TestRunner.run(TestRunner.java:621)
at org.testng.SuiteRunner.runTest(SuiteRunner.java:443)
at org.testng.SuiteRunner.runSequentially(SuiteRunner.java:437)
at org.testng.SuiteRunner.privateRun(SuiteRunner.java:397)
at org.testng.SuiteRunner.run(SuiteRunner.java:336)
at org.testng.SuiteRunnerWorker.runSuite(SuiteRunnerWorker.java:52)
at org.testng.SuiteRunnerWorker.run(SuiteRunnerWorker.java:95)
at org.testng.TestNG.runSuitesSequentially(TestNG.java:1280)
at org.testng.TestNG.runSuitesSequentially(TestNG.java:1275)
at org.testng.TestNG.runSuitesLocally(TestNG.java:1200)
at org.testng.TestNG.runSuites(TestNG.java:1114)
at org.testng.TestNG.run(TestNG.java:1082)
at org.apache.maven.surefire.testng.TestNGExecutor.run(TestNGExecutor.java:178)
at org.apache.maven.surefire.testng.TestNGXmlTestSuite.execute(TestNGXmlTestSuite.java:92)
at org.apache.maven.surefire.testng.TestNGProvider.invoke(TestNGProvider.java:96)
at java.base/jdk.internal.reflect.DirectMethodHandleAccessor.invoke(DirectMethodHandleAccessor.java:103)
at java.base/java.lang.reflect.Method.invoke(Method.java:580)
at org.apache.maven.surefire.util.ReflectionUtils.invokeMethodWithArray2(ReflectionUtils.java:208)
at org.apache.maven.surefire.booter.ProviderFactory$ProviderProxy.invoke(ProviderFactory.java:159)
at org.apache.maven.surefire.booter.ProviderFactory.invokeProvider(ProviderFactory.java:87)
at org.apache.maven.surefire.booter.ForkedBooter.runSuitesInProcess(ForkedBooter.java:153)
at org.apache.maven.surefire.booter.ForkedBooter.main(ForkedBooter.java:95)
Caused by: java.lang.NullPointerException: Cannot invoke "org.automation.utility.Read_XLS.retrieveTestData(String)" because "xls" is null
at org.automation.utility.SuiteUtility.GetTestDataUtility(SuiteUtility.java:21)
at org.automation.swagLabs.TC_001.TC_001Data(TC_001.java:145)
at java.base/jdk.internal.reflect.DirectMethodHandleAccessor.invoke(DirectMethodHandleAccessor.java:103)
at java.base/java.lang.reflect.Method.invoke(Method.java:580)
at org.testng.internal.invokers.MethodInvocationHelper.invokeMethod(MethodInvocationHelper.java:139)
at org.testng.internal.invokers.MethodInvocationHelper.invokeMethod(MethodInvocationHelper.java:84)
at org.testng.internal.invokers.MethodInvocationHelper.invokeMethodNoCheckedException(MethodInvocationHelper.java:53)
... 33 more
]]>
            </full-stacktrace>
          </exception> <!-- java.lang.RuntimeException -->
          <reporter-output>
          </reporter-output>
        </test-method> <!-- TC_001Test -->
        <test-method is-config="true" signature="closeBrowser()[pri:0, instance:org.automation.swagLabs.TC_001@20d525]" started-at="2024-12-10T22:08:01 IST" name="closeBrowser" finished-at="2024-12-10T22:08:01 IST" duration-ms="0" status="SKIP">
          <reporter-output>
          </reporter-output>
        </test-method> <!-- closeBrowser -->
      </class> <!-- org.automation.swagLabs.TC_001 -->
    </test> <!-- TC_001 -->
  </suite> <!-- swagLabs -->
  <suite started-at="2024-12-10T22:08:02 IST" name="Automation Suite" finished-at="2024-12-10T22:08:02 IST" duration-ms="0">
    <groups>
    </groups>
  </suite> <!-- Automation Suite -->
  <suite started-at="2024-12-10T22:07:52 IST" name="google" finished-at="2024-12-10T22:08:01 IST" duration-ms="9055">
    <groups>
    </groups>
    <test started-at="2024-12-10T22:07:52 IST" name="TC_001" finished-at="2024-12-10T22:08:01 IST" duration-ms="9055">
      <class name="org.automation.googleHome.TSL_Google">
        <test-method is-config="true" signature="checkSuiteToRun()[pri:0, instance:org.automation.googleHome.TSL_Google@198b6731]" started-at="2024-12-10T22:07:51 IST" name="checkSuiteToRun" finished-at="2024-12-10T22:07:52 IST" duration-ms="942" status="PASS">
          <reporter-output>
          </reporter-output>
        </test-method> <!-- checkSuiteToRun -->
        <test-method is-config="true" signature="checkCaseToRun()[pri:0, instance:org.automation.googleHome.TSL_Google@198b6731]" started-at="2024-12-10T22:07:52 IST" name="checkCaseToRun" finished-at="2024-12-10T22:07:52 IST" duration-ms="68" status="PASS">
          <reporter-output>
          </reporter-output>
        </test-method> <!-- checkCaseToRun -->
        <test-method signature="TSL_GoogleTest(java.lang.String,java.lang.String,java.lang.String)[pri:0, instance:org.automation.googleHome.TSL_Google@198b6731]" started-at="2024-12-10T22:07:52 IST" name="TSL_GoogleTest" data-provider="TSL_GoogleData" finished-at="2024-12-10T22:07:59 IST" duration-ms="7187" status="PASS">
          <params>
            <param index="0">
              <value>
                <![CDATA[1]]>
              </value>
            </param>
            <param index="1">
              <value>
                <![CDATA[TC_001]]>
              </value>
            </param>
            <param index="2">
              <value>
                <![CDATA[asas]]>
              </value>
            </param>
          </params>
          <reporter-output>
            <line>
              <![CDATA[Passed TSL_Google]]>
            </line>
          </reporter-output>
        </test-method> <!-- TSL_GoogleTest -->
        <test-method is-config="true" signature="reporterDataResults()[pri:0, instance:org.automation.googleHome.TSL_Google@198b6731]" started-at="2024-12-10T22:07:59 IST" name="reporterDataResults" finished-at="2024-12-10T22:08:01 IST" duration-ms="1729" status="PASS">
          <reporter-output>
          </reporter-output>
        </test-method> <!-- reporterDataResults -->
        <test-method is-config="true" signature="closeBrowser()[pri:0, instance:org.automation.googleHome.TSL_Google@198b6731]" started-at="2024-12-10T22:08:01 IST" name="closeBrowser" finished-at="2024-12-10T22:08:01 IST" duration-ms="3" status="PASS">
          <reporter-output>
          </reporter-output>
        </test-method> <!-- closeBrowser -->
      </class> <!-- org.automation.googleHome.TSL_Google -->
    </test> <!-- TC_001 -->
  </suite> <!-- google -->
</testng-results>
