-------------------------------------------------------------------------------
Test set: TestSuite
-------------------------------------------------------------------------------
Tests run: 5, Failures: 1, Errors: 0, Skipped: 3, Time elapsed: 11.731 sec <<< FAILURE!
TC_001Test(org.automation.swagLabs.TC_001)  Time elapsed: 9.548 sec  <<< FAILURE!
java.lang.RuntimeException: java.lang.NullPointerException: Cannot invoke "org.automation.utility.Read_XLS.retrieveTestData(String)" because "xls" is null
	at org.automation.utility.SuiteUtility.GetTestDataUtility(SuiteUtility.java:21)
	at org.automation.swagLabs.TC_001.TC_001Data(TC_001.java:145)

