<?xml version="1.0" encoding="UTF-8"?>
<testsuite name="TestSuite" time="16.768" tests="5" errors="0" skipped="3" failures="1">
  <properties>
[...]
</properties>
  <testcase name="TSL_GoogleTest" classname="org.automation.googleHome.TSL_Google" time="7.22"/>
  <testcase name="checkSuiteToRun" classname="org.automation.swagLabs.TC_001" time="0">
    <skipped/>
    <system-out>*** Test Suite TC_001 ending ***
DEBUG   17338   [freemark] (): Couldn't find template in cache for "index.ftl"("en", UTF-8, parsed); will try to load it.
DEBUG   17338   [freemark] (): TemplateLoader.findTemplateSource("index_en.ftl"): Not found
DEBUG   17338   [freemark] (): TemplateLoader.findTemplateSource("index.ftl"): Found
DEBUG   17338   [freemark] (): Loading template for "index.ftl"("en", UTF-8, parsed) from "jar:file:/C:/Users/AJAY/.m2/repository/com/aventstack/extentreports/3.1.5/extentreports-3.1.5.jar!/com/aventstack/extentreports/view/html-report/index.ftl"
DEBUG   17338   [freemark] (): Couldn't find template in cache for "head.ftl"("en", UTF-8, parsed); will try to load it.
DEBUG   17338   [freemark] (): TemplateLoader.findTemplateSource("head_en.ftl"): Not found
DEBUG   17338   [freemark] (): TemplateLoader.findTemplateSource("head.ftl"): Found
DEBUG   17338   [freemark] (): Loading template for "head.ftl"("en", UTF-8, parsed) from "jar:file:/C:/Users/AJAY/.m2/repository/com/aventstack/extentreports/3.1.5/extentreports-3.1.5.jar!/com/aventstack/extentreports/view/html-report/head.ftl"
DEBUG   17338   [freemark] (): Couldn't find template in cache for "nav.ftl"("en", UTF-8, parsed); will try to load it.
DEBUG   17338   [freemark] (): TemplateLoader.findTemplateSource("nav_en.ftl"): Not found
DEBUG   17338   [freemark] (): TemplateLoader.findTemplateSource("nav.ftl"): Found
DEBUG   17338   [freemark] (): Loading template for "nav.ftl"("en", UTF-8, parsed) from "jar:file:/C:/Users/AJAY/.m2/repository/com/aventstack/extentreports/3.1.5/extentreports-3.1.5.jar!/com/aventstack/extentreports/view/html-report/nav.ftl"
DEBUG   17338   [freemark] (): Couldn't find template in cache for "test-view/test-view.ftl"("en", UTF-8, parsed); will try to load it.
DEBUG   17338   [freemark] (): TemplateLoader.findTemplateSource("test-view/test-view_en.ftl"): Not found
DEBUG   17338   [freemark] (): TemplateLoader.findTemplateSource("test-view/test-view.ftl"): Found
DEBUG   17338   [freemark] (): Loading template for "test-view/test-view.ftl"("en", UTF-8, parsed) from "jar:file:/C:/Users/AJAY/.m2/repository/com/aventstack/extentreports/3.1.5/extentreports-3.1.5.jar!/com/aventstack/extentreports/view/html-report/test-view/test-view.ftl"
DEBUG   17338   [freemark] (): Couldn't find template in cache for "test-view/standard.ftl"("en", UTF-8, parsed); will try to load it.
DEBUG   17338   [freemark] (): TemplateLoader.findTemplateSource("test-view/standard_en.ftl"): Not found
DEBUG   17338   [freemark] (): TemplateLoader.findTemplateSource("test-view/standard.ftl"): Found
DEBUG   17338   [freemark] (): Loading template for "test-view/standard.ftl"("en", UTF-8, parsed) from "jar:file:/C:/Users/AJAY/.m2/repository/com/aventstack/extentreports/3.1.5/extentreports-3.1.5.jar!/com/aventstack/extentreports/view/html-report/test-view/standard.ftl"
DEBUG   17338   [freemark] (): Couldn't find template in cache for "test-view/test-view-charts.ftl"("en", UTF-8, parsed); will try to load it.
DEBUG   17338   [freemark] (): TemplateLoader.findTemplateSource("test-view/test-view-charts_en.ftl"): Not found
DEBUG   17338   [freemark] (): TemplateLoader.findTemplateSource("test-view/test-view-charts.ftl"): Found
DEBUG   17338   [freemark] (): Loading template for "test-view/test-view-charts.ftl"("en", UTF-8, parsed) from "jar:file:/C:/Users/AJAY/.m2/repository/com/aventstack/extentreports/3.1.5/extentreports-3.1.5.jar!/com/aventstack/extentreports/view/html-report/test-view/test-view-charts.ftl"
DEBUG   17338   [freemark] (): Couldn't find template in cache for "category-view/category-view.ftl"("en", UTF-8, parsed); will try to load it.
DEBUG   17338   [freemark] (): TemplateLoader.findTemplateSource("category-view/category-view_en.ftl"): Not found
DEBUG   17338   [freemark] (): TemplateLoader.findTemplateSource("category-view/category-view.ftl"): Found
DEBUG   17338   [freemark] (): Loading template for "category-view/category-view.ftl"("en", UTF-8, parsed) from "jar:file:/C:/Users/AJAY/.m2/repository/com/aventstack/extentreports/3.1.5/extentreports-3.1.5.jar!/com/aventstack/extentreports/view/html-report/category-view/category-view.ftl"
DEBUG   17338   [freemark] (): Couldn't find template in cache for "author-view/author-view.ftl"("en", UTF-8, parsed); will try to load it.
DEBUG   17338   [freemark] (): TemplateLoader.findTemplateSource("author-view/author-view_en.ftl"): Not found
DEBUG   17338   [freemark] (): TemplateLoader.findTemplateSource("author-view/author-view.ftl"): Found
DEBUG   17338   [freemark] (): Loading template for "author-view/author-view.ftl"("en", UTF-8, parsed) from "jar:file:/C:/Users/AJAY/.m2/repository/com/aventstack/extentreports/3.1.5/extentreports-3.1.5.jar!/com/aventstack/extentreports/view/html-report/author-view/author-view.ftl"
DEBUG   17338   [freemark] (): Couldn't find template in cache for "exception-view/exception-view.ftl"("en", UTF-8, parsed); will try to load it.
DEBUG   17338   [freemark] (): TemplateLoader.findTemplateSource("exception-view/exception-view_en.ftl"): Not found
DEBUG   17338   [freemark] (): TemplateLoader.findTemplateSource("exception-view/exception-view.ftl"): Found
DEBUG   17338   [freemark] (): Loading template for "exception-view/exception-view.ftl"("en", UTF-8, parsed) from "jar:file:/C:/Users/AJAY/.m2/repository/com/aventstack/extentreports/3.1.5/extentreports-3.1.5.jar!/com/aventstack/extentreports/view/html-report/exception-view/exception-view.ftl"
DEBUG   17338   [freemark] (): Couldn't find template in cache for "dashboard-view/dashboard-view.ftl"("en", UTF-8, parsed); will try to load it.
DEBUG   17338   [freemark] (): TemplateLoader.findTemplateSource("dashboard-view/dashboard-view_en.ftl"): Not found
DEBUG   17338   [freemark] (): TemplateLoader.findTemplateSource("dashboard-view/dashboard-view.ftl"): Found
DEBUG   17338   [freemark] (): Loading template for "dashboard-view/dashboard-view.ftl"("en", UTF-8, parsed) from "jar:file:/C:/Users/AJAY/.m2/repository/com/aventstack/extentreports/3.1.5/extentreports-3.1.5.jar!/com/aventstack/extentreports/view/html-report/dashboard-view/dashboard-view.ftl"
DEBUG   17338   [freemark] (): Couldn't find template in cache for "logs-view/testrunner-logs-view.ftl"("en", UTF-8, parsed); will try to load it.
DEBUG   17338   [freemark] (): TemplateLoader.findTemplateSource("logs-view/testrunner-logs-view_en.ftl"): Not found
DEBUG   17338   [freemark] (): TemplateLoader.findTemplateSource("logs-view/testrunner-logs-view.ftl"): Found
DEBUG   17338   [freemark] (): Loading template for "logs-view/testrunner-logs-view.ftl"("en", UTF-8, parsed) from "jar:file:/C:/Users/AJAY/.m2/repository/com/aventstack/extentreports/3.1.5/extentreports-3.1.5.jar!/com/aventstack/extentreports/view/html-report/logs-view/testrunner-logs-view.ftl"
DEBUG   17338   [freemark] (): Couldn't find template in cache for "index.ftl"("en", UTF-8, parsed); will try to load it.
DEBUG   17338   [freemark] (): TemplateLoader.findTemplateSource("index_en.ftl"): Not found
DEBUG   17338   [freemark] (): TemplateLoader.findTemplateSource("index.ftl"): Found
DEBUG   17338   [freemark] (): Loading template for "index.ftl"("en", UTF-8, parsed) from "jar:file:/C:/Users/AJAY/.m2/repository/com/aventstack/extentreports/3.1.5/extentreports-3.1.5.jar!/com/aventstack/extentreports/view/html-report/index.ftl"
DEBUG   17338   [freemark] (): Couldn't find template in cache for "head.ftl"("en", UTF-8, parsed); will try to load it.
DEBUG   17338   [freemark] (): TemplateLoader.findTemplateSource("head_en.ftl"): Not found
DEBUG   17338   [freemark] (): TemplateLoader.findTemplateSource("head.ftl"): Found
DEBUG   17338   [freemark] (): Loading template for "head.ftl"("en", UTF-8, parsed) from "jar:file:/C:/Users/AJAY/.m2/repository/com/aventstack/extentreports/3.1.5/extentreports-3.1.5.jar!/com/aventstack/extentreports/view/html-report/head.ftl"
DEBUG   17338   [freemark] (): Couldn't find template in cache for "nav.ftl"("en", UTF-8, parsed); will try to load it.
DEBUG   17338   [freemark] (): TemplateLoader.findTemplateSource("nav_en.ftl"): Not found
DEBUG   17338   [freemark] (): TemplateLoader.findTemplateSource("nav.ftl"): Found
DEBUG   17338   [freemark] (): Loading template for "nav.ftl"("en", UTF-8, parsed) from "jar:file:/C:/Users/AJAY/.m2/repository/com/aventstack/extentreports/3.1.5/extentreports-3.1.5.jar!/com/aventstack/extentreports/view/html-report/nav.ftl"
DEBUG   17338   [freemark] (): Couldn't find template in cache for "test-view/test-view.ftl"("en", UTF-8, parsed); will try to load it.
DEBUG   17338   [freemark] (): TemplateLoader.findTemplateSource("test-view/test-view_en.ftl"): Not found
DEBUG   17338   [freemark] (): TemplateLoader.findTemplateSource("test-view/test-view.ftl"): Found
DEBUG   17338   [freemark] (): Loading template for "test-view/test-view.ftl"("en", UTF-8, parsed) from "jar:file:/C:/Users/AJAY/.m2/repository/com/aventstack/extentreports/3.1.5/extentreports-3.1.5.jar!/com/aventstack/extentreports/view/html-report/test-view/test-view.ftl"
DEBUG   17338   [freemark] (): Couldn't find template in cache for "test-view/standard.ftl"("en", UTF-8, parsed); will try to load it.
DEBUG   17338   [freemark] (): TemplateLoader.findTemplateSource("test-view/standard_en.ftl"): Not found
DEBUG   17338   [freemark] (): TemplateLoader.findTemplateSource("test-view/standard.ftl"): Found
DEBUG   17338   [freemark] (): Loading template for "test-view/standard.ftl"("en", UTF-8, parsed) from "jar:file:/C:/Users/AJAY/.m2/repository/com/aventstack/extentreports/3.1.5/extentreports-3.1.5.jar!/com/aventstack/extentreports/view/html-report/test-view/standard.ftl"
DEBUG   17338   [freemark] (): Couldn't find template in cache for "test-view/test-view-charts.ftl"("en", UTF-8, parsed); will try to load it.
DEBUG   17338   [freemark] (): TemplateLoader.findTemplateSource("test-view/test-view-charts_en.ftl"): Not found
DEBUG   17338   [freemark] (): TemplateLoader.findTemplateSource("test-view/test-view-charts.ftl"): Found
DEBUG   17338   [freemark] (): Loading template for "test-view/test-view-charts.ftl"("en", UTF-8, parsed) from "jar:file:/C:/Users/AJAY/.m2/repository/com/aventstack/extentreports/3.1.5/extentreports-3.1.5.jar!/com/aventstack/extentreports/view/html-report/test-view/test-view-charts.ftl"
DEBUG   17338   [freemark] (): Couldn't find template in cache for "category-view/category-view.ftl"("en", UTF-8, parsed); will try to load it.
DEBUG   17338   [freemark] (): TemplateLoader.findTemplateSource("category-view/category-view_en.ftl"): Not found
DEBUG   17338   [freemark] (): TemplateLoader.findTemplateSource("category-view/category-view.ftl"): Found
DEBUG   17338   [freemark] (): Loading template for "category-view/category-view.ftl"("en", UTF-8, parsed) from "jar:file:/C:/Users/AJAY/.m2/repository/com/aventstack/extentreports/3.1.5/extentreports-3.1.5.jar!/com/aventstack/extentreports/view/html-report/category-view/category-view.ftl"
DEBUG   17338   [freemark] (): Couldn't find template in cache for "author-view/author-view.ftl"("en", UTF-8, parsed); will try to load it.
DEBUG   17338   [freemark] (): TemplateLoader.findTemplateSource("author-view/author-view_en.ftl"): Not found
DEBUG   17338   [freemark] (): TemplateLoader.findTemplateSource("author-view/author-view.ftl"): Found
DEBUG   17338   [freemark] (): Loading template for "author-view/author-view.ftl"("en", UTF-8, parsed) from "jar:file:/C:/Users/AJAY/.m2/repository/com/aventstack/extentreports/3.1.5/extentreports-3.1.5.jar!/com/aventstack/extentreports/view/html-report/author-view/author-view.ftl"
DEBUG   17338   [freemark] (): Couldn't find template in cache for "exception-view/exception-view.ftl"("en", UTF-8, parsed); will try to load it.
DEBUG   17338   [freemark] (): TemplateLoader.findTemplateSource("exception-view/exception-view_en.ftl"): Not found
DEBUG   17338   [freemark] (): TemplateLoader.findTemplateSource("exception-view/exception-view.ftl"): Found
DEBUG   17338   [freemark] (): Loading template for "exception-view/exception-view.ftl"("en", UTF-8, parsed) from "jar:file:/C:/Users/AJAY/.m2/repository/com/aventstack/extentreports/3.1.5/extentreports-3.1.5.jar!/com/aventstack/extentreports/view/html-report/exception-view/exception-view.ftl"
DEBUG   17338   [freemark] (): Couldn't find template in cache for "dashboard-view/dashboard-view.ftl"("en", UTF-8, parsed); will try to load it.
DEBUG   17338   [freemark] (): TemplateLoader.findTemplateSource("dashboard-view/dashboard-view_en.ftl"): Not found
DEBUG   17338   [freemark] (): TemplateLoader.findTemplateSource("dashboard-view/dashboard-view.ftl"): Found
DEBUG   17338   [freemark] (): Loading template for "dashboard-view/dashboard-view.ftl"("en", UTF-8, parsed) from "jar:file:/C:/Users/AJAY/.m2/repository/com/aventstack/extentreports/3.1.5/extentreports-3.1.5.jar!/com/aventstack/extentreports/view/html-report/dashboard-view/dashboard-view.ftl"
DEBUG   17338   [freemark] (): Couldn't find template in cache for "logs-view/testrunner-logs-view.ftl"("en", UTF-8, parsed); will try to load it.
DEBUG   17338   [freemark] (): TemplateLoader.findTemplateSource("logs-view/testrunner-logs-view_en.ftl"): Not found
DEBUG   17338   [freemark] (): TemplateLoader.findTemplateSource("logs-view/testrunner-logs-view.ftl"): Found
DEBUG   17338   [freemark] (): Loading template for "logs-view/testrunner-logs-view.ftl"("en", UTF-8, parsed) from "jar:file:/C:/Users/AJAY/.m2/repository/com/aventstack/extentreports/3.1.5/extentreports-3.1.5.jar!/com/aventstack/extentreports/view/html-report/logs-view/testrunner-logs-view.ftl"
</system-out>
    <system-err>Dec 10, 2024 10:08:00 PM org.openqa.selenium.remote.http.WebSocket$Listener onError
WARNING: Connection reset
java.net.SocketException: Connection reset
	at java.base/sun.nio.ch.SocketChannelImpl.throwConnectionReset(SocketChannelImpl.java:403)
	at java.base/sun.nio.ch.SocketChannelImpl.implRead(SocketChannelImpl.java:435)
	at java.base/sun.nio.ch.SocketChannelImpl.read(SocketChannelImpl.java:493)
	at io.netty.buffer.PooledByteBuf.setBytes(PooledByteBuf.java:256)
	at io.netty.buffer.AbstractByteBuf.writeBytes(AbstractByteBuf.java:1132)
	at io.netty.channel.socket.nio.NioSocketChannel.doReadBytes(NioSocketChannel.java:357)
	at io.netty.channel.nio.AbstractNioByteChannel$NioByteUnsafe.read(AbstractNioByteChannel.java:151)
	at io.netty.channel.nio.NioEventLoop.processSelectedKey(NioEventLoop.java:788)
	at io.netty.channel.nio.NioEventLoop.processSelectedKeysOptimized(NioEventLoop.java:724)
	at io.netty.channel.nio.NioEventLoop.processSelectedKeys(NioEventLoop.java:650)
	at io.netty.channel.nio.NioEventLoop.run(NioEventLoop.java:562)
	at io.netty.util.concurrent.SingleThreadEventExecutor$4.run(SingleThreadEventExecutor.java:997)
	at io.netty.util.internal.ThreadExecutorMap$2.run(ThreadExecutorMap.java:74)
	at io.netty.util.concurrent.FastThreadLocalRunnable.run(FastThreadLocalRunnable.java:30)
	at java.base/java.lang.Thread.run(Thread.java:1570)

</system-err>
  </testcase>
  <testcase name="checkCaseToRun" classname="org.automation.swagLabs.TC_001" time="0">
    <skipped/>
    <system-out>*** Test Suite TC_001 started ***
</system-out>
  </testcase>
  <testcase name="TC_001Test" classname="org.automation.swagLabs.TC_001" time="9.548">
    <failure message="java.lang.NullPointerException: Cannot invoke &quot;org.automation.utility.Read_XLS.retrieveTestData(String)&quot; because &quot;xls&quot; is null" type="java.lang.RuntimeException">java.lang.RuntimeException: java.lang.NullPointerException: Cannot invoke "org.automation.utility.Read_XLS.retrieveTestData(String)" because "xls" is null
	at org.automation.utility.SuiteUtility.GetTestDataUtility(SuiteUtility.java:21)
	at org.automation.swagLabs.TC_001.TC_001Data(TC_001.java:145)
</failure>
  </testcase>
  <testcase name="closeBrowser" classname="org.automation.swagLabs.TC_001" time="0">
    <skipped/>
  </testcase>
</testsuite>