<?xml version="1.0" encoding="UTF-8"?>
<!-- Generated by org.testng.reporters.JUnitXMLReporter -->
<testsuite ignored="0" hostname="Ajays-Laptop" failures="1" tests="1" name="TC_001" time="0.019" errors="0" timestamp="2024-12-10T22:08:01 IST">
  <testcase classname="org.automation.swagLabs.TC_001" name="TC_001Test" time="0.0">
    <failure type="java.lang.RuntimeException" message="java.lang.NullPointerException: Cannot invoke &amp;quot;org.automation.utility.Read_XLS.retrieveTestData(String)&amp;quot; because &amp;quot;xls&amp;quot; is null">
      <![CDATA[java.lang.RuntimeException: java.lang.NullPointerException: Cannot invoke "org.automation.utility.Read_XLS.retrieveTestData(String)" because "xls" is null
at java.base/java.util.ArrayList.forEach(ArrayList.java:1597)
Caused by: java.lang.NullPointerException: Cannot invoke "org.automation.utility.Read_XLS.retrieveTestData(String)" because "xls" is null
at org.automation.utility.SuiteUtility.GetTestDataUtility(SuiteUtility.java:21)
at org.automation.swagLabs.TC_001.TC_001Data(TC_001.java:145)
... 33 more
... Removed 38 stack frames]]>
    </failure>
  </testcase> <!-- TC_001Test -->
</testsuite> <!-- TC_001 -->
