<?xml version="1.0" encoding="UTF-8"?>
<testsuite name="TC_001"
           tests="4"
           failures="1"
           errors="0"
           skipped="3"
           time="0.050">
  <properties />
            <testcase name="TC_001Test" time="0.000" classname="org.automation.swagLabs.TC_001">
                <failure type="java.lang.RuntimeException"
                  message="java.lang.NullPointerException: Cannot invoke &quot;org.automation.utility.Read_XLS.retrieveTestData(String)&quot; because &quot;xls&quot; is null"
              >
<![CDATA[java.lang.RuntimeException: java.lang.NullPointerException: Cannot invoke "org.automation.utility.Read_XLS.retrieveTestData(String)" because "xls" is null
  org.testng.internal.invokers.MethodInvocationHelper.invokeMethodNoCheckedException(MethodInvocationHelper.java:57)
  org.testng.internal.invokers.MethodInvocationHelper.invokeDataProvider(MethodInvocationHelper.java:157)
  org.testng.internal.Parameters.handleParameters(Parameters.java:803)
  org.testng.internal.Parameters.handleParameters(Parameters.java:728)
  org.testng.internal.invokers.ParameterHandler.handleParameters(ParameterHandler.java:72)
  org.testng.internal.invokers.ParameterHandler.createParameters(ParameterHandler.java:51)
  org.testng.internal.invokers.TestInvoker$MethodInvocationAgent.invoke(TestInvoker.java:911)
  org.testng.internal.invokers.TestInvoker.invokeTestMethods(TestInvoker.java:200)
  org.testng.internal.invokers.TestMethodWorker.invokeTestMethods(TestMethodWorker.java:148)
  org.testng.internal.invokers.TestMethodWorker.run(TestMethodWorker.java:128)
  java.base/java.util.ArrayList.forEach(ArrayList.java:1597)
  org.testng.TestRunner.privateRun(TestRunner.java:848)
  org.testng.TestRunner.run(TestRunner.java:621)
  org.testng.SuiteRunner.runTest(SuiteRunner.java:443)
  org.testng.SuiteRunner.runSequentially(SuiteRunner.java:437)
  org.testng.SuiteRunner.privateRun(SuiteRunner.java:397)
  org.testng.SuiteRunner.run(SuiteRunner.java:336)
  org.testng.SuiteRunnerWorker.runSuite(SuiteRunnerWorker.java:52)
  org.testng.SuiteRunnerWorker.run(SuiteRunnerWorker.java:95)
  org.testng.TestNG.runSuitesSequentially(TestNG.java:1280)
  org.testng.TestNG.runSuitesSequentially(TestNG.java:1275)
  org.testng.TestNG.runSuitesLocally(TestNG.java:1200)
  org.testng.TestNG.runSuites(TestNG.java:1114)
  org.testng.TestNG.run(TestNG.java:1082)
  org.apache.maven.surefire.testng.TestNGExecutor.run(TestNGExecutor.java:178)
  org.apache.maven.surefire.testng.TestNGXmlTestSuite.execute(TestNGXmlTestSuite.java:92)
  org.apache.maven.surefire.testng.TestNGProvider.invoke(TestNGProvider.java:96)
  java.base/jdk.internal.reflect.DirectMethodHandleAccessor.invoke(DirectMethodHandleAccessor.java:103)
  java.base/java.lang.reflect.Method.invoke(Method.java:580)
  org.apache.maven.surefire.util.ReflectionUtils.invokeMethodWithArray2(ReflectionUtils.java:208)
  org.apache.maven.surefire.booter.ProviderFactory$ProviderProxy.invoke(ProviderFactory.java:159)
  org.apache.maven.surefire.booter.ProviderFactory.invokeProvider(ProviderFactory.java:87)
  org.apache.maven.surefire.booter.ForkedBooter.runSuitesInProcess(ForkedBooter.java:153)
  org.apache.maven.surefire.booter.ForkedBooter.main(ForkedBooter.java:95)
Caused by: java.lang.NullPointerException: Cannot invoke "org.automation.utility.Read_XLS.retrieveTestData(String)" because "xls" is null
  org.automation.utility.SuiteUtility.GetTestDataUtility(SuiteUtility.java:21)
  org.automation.swagLabs.TC_001.TC_001Data(TC_001.java:145)
  java.base/jdk.internal.reflect.DirectMethodHandleAccessor.invoke(DirectMethodHandleAccessor.java:103)
  java.base/java.lang.reflect.Method.invoke(Method.java:580)
  org.testng.internal.invokers.MethodInvocationHelper.invokeMethod(MethodInvocationHelper.java:139)
  org.testng.internal.invokers.MethodInvocationHelper.invokeMethod(MethodInvocationHelper.java:84)
  org.testng.internal.invokers.MethodInvocationHelper.invokeMethodNoCheckedException(MethodInvocationHelper.java:53)
  org.testng.internal.invokers.MethodInvocationHelper.invokeDataProvider(MethodInvocationHelper.java:157)
  org.testng.internal.Parameters.handleParameters(Parameters.java:803)
  org.testng.internal.Parameters.handleParameters(Parameters.java:728)
  org.testng.internal.invokers.ParameterHandler.handleParameters(ParameterHandler.java:72)
  org.testng.internal.invokers.ParameterHandler.createParameters(ParameterHandler.java:51)
  org.testng.internal.invokers.TestInvoker$MethodInvocationAgent.invoke(TestInvoker.java:911)
  org.testng.internal.invokers.TestInvoker.invokeTestMethods(TestInvoker.java:200)
  org.testng.internal.invokers.TestMethodWorker.invokeTestMethods(TestMethodWorker.java:148)
  org.testng.internal.invokers.TestMethodWorker.run(TestMethodWorker.java:128)
  java.base/java.util.ArrayList.forEach(ArrayList.java:1597)
  org.testng.TestRunner.privateRun(TestRunner.java:848)
  org.testng.TestRunner.run(TestRunner.java:621)
  org.testng.SuiteRunner.runTest(SuiteRunner.java:443)
  org.testng.SuiteRunner.runSequentially(SuiteRunner.java:437)
  org.testng.SuiteRunner.privateRun(SuiteRunner.java:397)
  org.testng.SuiteRunner.run(SuiteRunner.java:336)
  org.testng.SuiteRunnerWorker.runSuite(SuiteRunnerWorker.java:52)
  org.testng.SuiteRunnerWorker.run(SuiteRunnerWorker.java:95)
  org.testng.TestNG.runSuitesSequentially(TestNG.java:1280)
  org.testng.TestNG.runSuitesSequentially(TestNG.java:1275)
  org.testng.TestNG.runSuitesLocally(TestNG.java:1200)
  org.testng.TestNG.runSuites(TestNG.java:1114)
  org.testng.TestNG.run(TestNG.java:1082)
  org.apache.maven.surefire.testng.TestNGExecutor.run(TestNGExecutor.java:178)
  org.apache.maven.surefire.testng.TestNGXmlTestSuite.execute(TestNGXmlTestSuite.java:92)
  org.apache.maven.surefire.testng.TestNGProvider.invoke(TestNGProvider.java:96)
  java.base/jdk.internal.reflect.DirectMethodHandleAccessor.invoke(DirectMethodHandleAccessor.java:103)
  java.base/java.lang.reflect.Method.invoke(Method.java:580)
  org.apache.maven.surefire.util.ReflectionUtils.invokeMethodWithArray2(ReflectionUtils.java:208)
  org.apache.maven.surefire.booter.ProviderFactory$ProviderProxy.invoke(ProviderFactory.java:159)
  org.apache.maven.surefire.booter.ProviderFactory.invokeProvider(ProviderFactory.java:87)
  org.apache.maven.surefire.booter.ForkedBooter.runSuitesInProcess(ForkedBooter.java:153)
  org.apache.maven.surefire.booter.ForkedBooter.main(ForkedBooter.java:95)
]]>
      </failure>

          </testcase>
  
            <testcase name="checkCaseToRun" time="0.0" classname="org.automation.swagLabs.TC_001">
          <skipped />
    </testcase>
            <testcase name="closeBrowser" time="0.0" classname="org.automation.swagLabs.TC_001">
          <skipped />
    </testcase>
            <testcase name="checkSuiteToRun" time="0.0" classname="org.automation.swagLabs.TC_001">
          <skipped />
    </testcase>
  
  
</testsuite>
